Compilación iniciada a las 4/18/2016 3:03:46 PM.
     1>Proyecto "C:\Users\US16D\Documents\Visual Studio 2012\StartPages\ProjectAbism\ProjectAbism\ProjectAbism.vcxproj" en el nodo 2 (Build destinos).
     1>ClCompile:
         C:\Program Files (x86)\Microsoft Visual Studio 11.0\VC\bin\CL.exe /c /ZI /nologo /W3 /WX- /Od /Oy- /D _MBCS /Gm /EHsc /RTC1 /MDd /GS /fp:precise /Zc:wchar_t /Zc:forScope /Fo"Debug\\" /Fd"Debug\vc110.pdb" /Gd /TP /analyze- /errorReport:prompt Riposte.cpp
         Riposte.cpp
     1>c:\users\us16d\documents\visual studio 2012\startpages\projectabism\projectabism\riposte.cpp(5): warning C4244: 'argumento' : conversión de 'time_t' a 'unsigned int'; posible pérdida de datos
     1>c:\users\us16d\documents\visual studio 2012\startpages\projectabism\projectabism\riposte.cpp(11): warning C4996: 'scanf': This function or variable may be unsafe. Consider using scanf_s instead. To disable deprecation, use _CRT_SECURE_NO_WARNINGS. See online help for details.
                 c:\program files (x86)\microsoft visual studio 11.0\vc\include\stdio.h(290) : vea la declaración de 'scanf'
     1>c:\users\us16d\documents\visual studio 2012\startpages\projectabism\projectabism\riposte.cpp(21): warning C4996: 'scanf': This function or variable may be unsafe. Consider using scanf_s instead. To disable deprecation, use _CRT_SECURE_NO_WARNINGS. See online help for details.
                 c:\program files (x86)\microsoft visual studio 11.0\vc\include\stdio.h(290) : vea la declaración de 'scanf'
     1>c:\users\us16d\documents\visual studio 2012\startpages\projectabism\projectabism\riposte.cpp(35): warning C4996: 'scanf': This function or variable may be unsafe. Consider using scanf_s instead. To disable deprecation, use _CRT_SECURE_NO_WARNINGS. See online help for details.
                 c:\program files (x86)\microsoft visual studio 11.0\vc\include\stdio.h(290) : vea la declaración de 'scanf'
     1>c:\users\us16d\documents\visual studio 2012\startpages\projectabism\projectabism\riposte.cpp(49): warning C4996: 'scanf': This function or variable may be unsafe. Consider using scanf_s instead. To disable deprecation, use _CRT_SECURE_NO_WARNINGS. See online help for details.
                 c:\program files (x86)\microsoft visual studio 11.0\vc\include\stdio.h(290) : vea la declaración de 'scanf'
     1>c:\users\us16d\documents\visual studio 2012\startpages\projectabism\projectabism\riposte.cpp(60): warning C4996: 'scanf': This function or variable may be unsafe. Consider using scanf_s instead. To disable deprecation, use _CRT_SECURE_NO_WARNINGS. See online help for details.
                 c:\program files (x86)\microsoft visual studio 11.0\vc\include\stdio.h(290) : vea la declaración de 'scanf'
     1>c:\users\us16d\documents\visual studio 2012\startpages\projectabism\projectabism\riposte.cpp(69): warning C4996: 'scanf': This function or variable may be unsafe. Consider using scanf_s instead. To disable deprecation, use _CRT_SECURE_NO_WARNINGS. See online help for details.
                 c:\program files (x86)\microsoft visual studio 11.0\vc\include\stdio.h(290) : vea la declaración de 'scanf'
     1>c:\users\us16d\documents\visual studio 2012\startpages\projectabism\projectabism\riposte.cpp(84): warning C4996: 'scanf': This function or variable may be unsafe. Consider using scanf_s instead. To disable deprecation, use _CRT_SECURE_NO_WARNINGS. See online help for details.
                 c:\program files (x86)\microsoft visual studio 11.0\vc\include\stdio.h(290) : vea la declaración de 'scanf'
       Link:
         C:\Program Files (x86)\Microsoft Visual Studio 11.0\VC\bin\link.exe /ERRORREPORT:PROMPT /OUT:"C:\Users\US16D\Documents\Visual Studio 2012\StartPages\ProjectAbism\Debug\ProjectAbism.exe" /INCREMENTAL /NOLOGO kernel32.lib user32.lib gdi32.lib winspool.lib comdlg32.lib advapi32.lib shell32.lib ole32.lib oleaut32.lib uuid.lib odbc32.lib odbccp32.lib /MANIFEST /MANIFESTUAC:"level='asInvoker' uiAccess='false'" /manifest:embed /DEBUG /PDB:"C:\Users\US16D\Documents\Visual Studio 2012\StartPages\ProjectAbism\Debug\ProjectAbism.pdb" /TLBID:1 /DYNAMICBASE /NXCOMPAT /IMPLIB:"C:\Users\US16D\Documents\Visual Studio 2012\StartPages\ProjectAbism\Debug\ProjectAbism.lib" /MACHINE:X86 Debug\Riposte.obj
         ProjectAbism.vcxproj -> C:\Users\US16D\Documents\Visual Studio 2012\StartPages\ProjectAbism\Debug\ProjectAbism.exe
     1>Compilación del proyecto terminada "C:\Users\US16D\Documents\Visual Studio 2012\StartPages\ProjectAbism\ProjectAbism\ProjectAbism.vcxproj" (Build destinos).

Compilación correcta.

Tiempo transcurrido 00:00:01.29
